<?xml version="1.0" encoding="UTF-8"?>
<!-- Generated by org.testng.reporters.JUnitReportReporter -->
<testsuite hostname="DESKTOP-6HMAFLL" failures="0" tests="1" name="qsp1.test2" time="0.016" errors="0" timestamp="2023-08-17T10:44:00 IST" skipped="0">
  <testcase classname="qsp1.test2" name="data3" time="0.016">
    <system-out>
      <![CDATA[India]]>
    </system-out>
  </testcase> <!-- data3 -->
  <system-out>
    <![CDATA[India
hello
world]]>
  </system-out>
</testsuite> <!-- qsp1.test2 -->
