<?xml version="1.0" encoding="UTF-8"?>
<!-- Generated by org.testng.reporters.JUnitReportReporter -->
<testsuite hostname="DESKTOP-6HMAFLL" failures="0" tests="2" name="qsp1.test1" time="0.008" errors="0" timestamp="2023-08-17T10:44:00 IST" skipped="0">
  <testcase classname="qsp1.test1" name="data2" time="0.003">
    <system-out>
      <![CDATA[world]]>
    </system-out>
  </testcase> <!-- data2 -->
  <testcase classname="qsp1.test1" name="data1" time="0.005">
    <system-out>
      <![CDATA[hello]]>
    </system-out>
  </testcase> <!-- data1 -->
  <system-out>
    <![CDATA[India
hello
world]]>
  </system-out>
</testsuite> <!-- qsp1.test1 -->
